<?xml version="1.0" encoding="UTF-8"?>
<manifest>

  <remote  name="aosp"
           fetch=".."
           review="https://android-review.googlesource.com/" />
  <default revision="master"
           remote="aosp"
           sync-j="4" />

  <project path="build" name="platform/build" groups="pdk,tradefed" >
    <copyfile src="core/root.mk" dest="Makefile" />
  </project>
  <project path="build/blueprint" name="platform/build/blueprint" groups="pdk,tradefed" />
  <project path="abi/cpp" name="platform/abi/cpp" groups="pdk" />
  <project path="prebuilts/clang/linux-x86/host/3.6" name="platform/prebuilts/clang/linux-x86/host/3.6" groups="pdk,linux" clone-depth="1" />

</manifest>
